2025-09-30 22:28:01,602 - INFO - ==================================================
2025-09-30 22:28:01,603 - INFO - EXPERIMENT CONFIGURATION
2025-09-30 22:28:01,603 - INFO - ==================================================
2025-09-30 22:28:01,603 - INFO - model_name          : mobilenet_v1
2025-09-30 22:28:01,603 - INFO - config_path         : configs/local_test_config.yaml
2025-09-30 22:28:01,603 - INFO - train_data_path     : C:\Users\Eduardo\OneDrive\AreaDeTrabalho\UFRGS\AvalDesempenho\CNNs-Performance-Analysis\data\tiny-imagenet-200\train
2025-09-30 22:28:01,604 - INFO - val_data_path       : C:\Users\Eduardo\OneDrive\AreaDeTrabalho\UFRGS\AvalDesempenho\CNNs-Performance-Analysis\data\tiny-imagenet-200\val
2025-09-30 22:28:01,604 - INFO - model_params        : {'num_classes': 200}
2025-09-30 22:28:01,604 - INFO - train_params        : {'epochs': 2, 'batch_size': 8, 'learning_rate': 0.001}
2025-09-30 22:28:01,605 - INFO - inference_params    : {'batch_size': 16}
2025-09-30 22:28:01,605 - INFO - ==================================================
2025-09-30 22:28:02,257 - INFO - Iniciando treinamento do modelo mobilenet_v1 no dispositivo cuda.
2025-09-30 22:31:54,461 - INFO - Época 1 concluída. Loss média: 4.6582
2025-09-30 22:31:54,462 - INFO - Iniciando inferência com o modelo MobileNetV1...
2025-09-30 22:32:18,031 - INFO - ==================================================
2025-09-30 22:32:18,032 - INFO - EXPERIMENT RESULTS
2025-09-30 22:32:18,032 - INFO - ==================================================
2025-09-30 22:32:18,032 - INFO - Elapsed Time Seconds     : 23.5301
2025-09-30 22:32:18,032 - INFO - Cpu Usage Percent        : -5.3000
2025-09-30 22:32:18,033 - INFO - Ram Usage Bytes          : -16707584.0000
2025-09-30 22:32:18,033 - INFO - Vram Usage Bytes         : 2490368.0000
2025-09-30 22:32:18,033 - INFO - Accuracy                 : 0.0035
2025-09-30 22:32:18,033 - INFO - Precision                : 1.0000
2025-09-30 22:32:18,033 - INFO - Recall                   : 0.0035
2025-09-30 22:32:18,034 - INFO - F1 Score                 : 0.0070
2025-09-30 22:32:18,034 - INFO - ==================================================
2025-09-30 22:36:09,984 - INFO - Época 2 concluída. Loss média: 3.9041
2025-09-30 22:36:09,986 - INFO - Iniciando inferência com o modelo MobileNetV1...
2025-09-30 22:36:33,729 - INFO - ==================================================
2025-09-30 22:36:33,729 - INFO - EXPERIMENT RESULTS
2025-09-30 22:36:33,730 - INFO - ==================================================
2025-09-30 22:36:33,730 - INFO - Elapsed Time Seconds     : 23.7058
2025-09-30 22:36:33,730 - INFO - Cpu Usage Percent        : -6.0000
2025-09-30 22:36:33,730 - INFO - Ram Usage Bytes          : -15892480.0000
2025-09-30 22:36:33,731 - INFO - Vram Usage Bytes         : -3801088.0000
2025-09-30 22:36:33,731 - INFO - Accuracy                 : 0.0049
2025-09-30 22:36:33,731 - INFO - Precision                : 1.0000
2025-09-30 22:36:33,731 - INFO - Recall                   : 0.0049
2025-09-30 22:36:33,731 - INFO - F1 Score                 : 0.0098
2025-09-30 22:36:33,732 - INFO - ==================================================
2025-09-30 22:36:33,739 - INFO - Métricas de performance do treinamento:
2025-09-30 22:36:33,740 - INFO - ==================================================
2025-09-30 22:36:33,740 - INFO - EXPERIMENT RESULTS
2025-09-30 22:36:33,740 - INFO - ==================================================
2025-09-30 22:36:33,740 - INFO - Elapsed Time Seconds     : 511.4675
2025-09-30 22:36:33,741 - INFO - Cpu Usage Percent        : 2.6000
2025-09-30 22:36:33,741 - INFO - Ram Usage Bytes          : 515641344.0000
2025-09-30 22:36:33,741 - INFO - Vram Usage Bytes         : 689364992.0000
2025-09-30 22:36:33,741 - INFO - ==================================================
2025-09-30 22:36:33,773 - INFO - Modelo salvo em: trained_models\mobilenet_v1_final.pth
2025-09-30 22:36:33,783 - INFO - Pipeline de treinamento concluído. Modelo salvo em: trained_models\mobilenet_v1_final.pth
2025-09-30 22:36:33,784 - INFO - Iniciando pipeline de inferência para avaliação no conjunto de validação...
2025-09-30 22:36:33,879 - INFO - Iniciando inferência com o modelo MobileNetV1...
2025-09-30 22:36:57,196 - INFO - ==================================================
2025-09-30 22:36:57,196 - INFO - EXPERIMENT RESULTS
2025-09-30 22:36:57,196 - INFO - ==================================================
2025-09-30 22:36:57,196 - INFO - Elapsed Time Seconds     : 23.2784
2025-09-30 22:36:57,197 - INFO - Cpu Usage Percent        : 1.2000
2025-09-30 22:36:57,197 - INFO - Ram Usage Bytes          : -387559424.0000
2025-09-30 22:36:57,197 - INFO - Vram Usage Bytes         : -1310720.0000
2025-09-30 22:36:57,197 - INFO - Accuracy                 : 0.0049
2025-09-30 22:36:57,197 - INFO - Precision                : 1.0000
2025-09-30 22:36:57,198 - INFO - Recall                   : 0.0049
2025-09-30 22:36:57,198 - INFO - F1 Score                 : 0.0098
2025-09-30 22:36:57,198 - INFO - ==================================================
2025-09-30 22:36:57,198 - INFO - Projeto executado com sucesso!
