2025-10-03 18:52:48,293 - INFO - ==================================================
2025-10-03 18:52:48,293 - INFO - EXPERIMENT CONFIGURATION
2025-10-03 18:52:48,293 - INFO - ==================================================
2025-10-03 18:52:48,293 - INFO - Model Name          : mobilenet_V1
2025-10-03 18:52:48,294 - INFO - Config File         : configs/pcad_config.yaml
2025-10-03 18:52:48,294 - INFO - Train Data          : /scratch/ehdmenezes//tiny-imagenet-200/train
2025-10-03 18:52:48,294 - INFO - Validation Data     : /scratch/ehdmenezes//tiny-imagenet-200/val
2025-10-03 18:52:48,294 - INFO - model_params        : {'num_classes': 200}
2025-10-03 18:52:48,294 - INFO - train_params        : {'epochs': 10, 'batch_size': 64, 'learning_rate': 0.001}
2025-10-03 18:52:48,294 - INFO - inference_params    : {'batch_size': 128}
2025-10-03 18:52:48,294 - INFO - ==================================================
2025-10-03 18:52:48,308 - INFO - Semente aleatória para esta execução foi fixada em: 42
2025-10-03 18:52:48,596 - INFO - Iniciando treinamento do modelo mobilenet_V1 no dispositivo cuda.
2025-10-03 18:53:37,151 - INFO - Época 1 concluída. Loss média: 4.4222
2025-10-03 18:53:37,154 - INFO - Iniciando inferência com o modelo MobileNetV1...
2025-10-03 18:53:41,563 - INFO - ==================================================
2025-10-03 18:53:41,563 - INFO - EXPERIMENT RESULTS
2025-10-03 18:53:41,563 - INFO - ==================================================
2025-10-03 18:53:41,563 - INFO - Elapsed Time Seconds     : 4.3819
2025-10-03 18:53:41,563 - INFO - Cpu Usage Percent        : 2.1469
2025-10-03 18:53:41,563 - INFO - Ram Peak Usage Bytes     : 1802637312.0000
2025-10-03 18:53:41,563 - INFO - Vram Peak Usage Bytes    : 643433472.0000
2025-10-03 18:53:41,563 - INFO - Gpu Power Watts          : 121.6440
2025-10-03 18:53:41,563 - INFO - Gpu Temp Celsius         : 48.0000
2025-10-03 18:53:41,563 - INFO - Gpu Utilization Percent  : 38.0000
2025-10-03 18:53:41,563 - INFO - Disk Read Bytes          : 0.0000
2025-10-03 18:53:41,563 - INFO - Disk Write Bytes         : 0.0000
2025-10-03 18:53:41,563 - INFO - Accuracy                 : 0.0042
2025-10-03 18:53:41,563 - INFO - Precision                : 1.0000
2025-10-03 18:53:41,563 - INFO - Recall                   : 0.0042
2025-10-03 18:53:41,563 - INFO - F1 Score                 : 0.0084
2025-10-03 18:53:41,563 - INFO - ==================================================
2025-10-03 18:54:29,789 - INFO - Época 2 concluída. Loss média: 3.4912
2025-10-03 18:54:29,792 - INFO - Iniciando inferência com o modelo MobileNetV1...
2025-10-03 18:54:34,397 - INFO - ==================================================
2025-10-03 18:54:34,397 - INFO - EXPERIMENT RESULTS
2025-10-03 18:54:34,397 - INFO - ==================================================
2025-10-03 18:54:34,397 - INFO - Elapsed Time Seconds     : 4.5789
2025-10-03 18:54:34,398 - INFO - Cpu Usage Percent        : 2.0281
2025-10-03 18:54:34,398 - INFO - Ram Peak Usage Bytes     : 1804722176.0000
2025-10-03 18:54:34,398 - INFO - Vram Peak Usage Bytes    : 643433472.0000
2025-10-03 18:54:34,398 - INFO - Gpu Power Watts          : 116.4040
2025-10-03 18:54:34,398 - INFO - Gpu Temp Celsius         : 49.0000
2025-10-03 18:54:34,398 - INFO - Gpu Utilization Percent  : 22.0000
2025-10-03 18:54:34,398 - INFO - Disk Read Bytes          : 0.0000
2025-10-03 18:54:34,398 - INFO - Disk Write Bytes         : 0.0000
2025-10-03 18:54:34,398 - INFO - Accuracy                 : 0.0043
2025-10-03 18:54:34,398 - INFO - Precision                : 1.0000
2025-10-03 18:54:34,398 - INFO - Recall                   : 0.0043
2025-10-03 18:54:34,398 - INFO - F1 Score                 : 0.0086
2025-10-03 18:54:34,398 - INFO - ==================================================
2025-10-03 18:55:22,622 - INFO - Época 3 concluída. Loss média: 2.9784
2025-10-03 18:55:22,625 - INFO - Iniciando inferência com o modelo MobileNetV1...
2025-10-03 18:55:27,213 - INFO - ==================================================
2025-10-03 18:55:27,213 - INFO - EXPERIMENT RESULTS
2025-10-03 18:55:27,213 - INFO - ==================================================
2025-10-03 18:55:27,213 - INFO - Elapsed Time Seconds     : 4.5607
2025-10-03 18:55:27,213 - INFO - Cpu Usage Percent        : 2.0406
2025-10-03 18:55:27,213 - INFO - Ram Peak Usage Bytes     : 1804812288.0000
2025-10-03 18:55:27,213 - INFO - Vram Peak Usage Bytes    : 643433472.0000
2025-10-03 18:55:27,213 - INFO - Gpu Power Watts          : 119.6540
2025-10-03 18:55:27,213 - INFO - Gpu Temp Celsius         : 50.0000
2025-10-03 18:55:27,213 - INFO - Gpu Utilization Percent  : 33.0000
2025-10-03 18:55:27,213 - INFO - Disk Read Bytes          : 0.0000
2025-10-03 18:55:27,213 - INFO - Disk Write Bytes         : 12288.0000
2025-10-03 18:55:27,213 - INFO - Accuracy                 : 0.0060
2025-10-03 18:55:27,213 - INFO - Precision                : 1.0000
2025-10-03 18:55:27,213 - INFO - Recall                   : 0.0060
2025-10-03 18:55:27,213 - INFO - F1 Score                 : 0.0119
2025-10-03 18:55:27,213 - INFO - ==================================================
2025-10-03 18:56:15,398 - INFO - Época 4 concluída. Loss média: 2.5949
2025-10-03 18:56:15,401 - INFO - Iniciando inferência com o modelo MobileNetV1...
2025-10-03 18:56:20,103 - INFO - ==================================================
2025-10-03 18:56:20,103 - INFO - EXPERIMENT RESULTS
2025-10-03 18:56:20,103 - INFO - ==================================================
2025-10-03 18:56:20,103 - INFO - Elapsed Time Seconds     : 4.6762
2025-10-03 18:56:20,103 - INFO - Cpu Usage Percent        : 1.9844
2025-10-03 18:56:20,103 - INFO - Ram Peak Usage Bytes     : 1804787712.0000
2025-10-03 18:56:20,103 - INFO - Vram Peak Usage Bytes    : 643433472.0000
2025-10-03 18:56:20,103 - INFO - Gpu Power Watts          : 125.7670
2025-10-03 18:56:20,103 - INFO - Gpu Temp Celsius         : 50.0000
2025-10-03 18:56:20,103 - INFO - Gpu Utilization Percent  : 37.0000
2025-10-03 18:56:20,104 - INFO - Disk Read Bytes          : 0.0000
2025-10-03 18:56:20,104 - INFO - Disk Write Bytes         : 0.0000
2025-10-03 18:56:20,104 - INFO - Accuracy                 : 0.0056
2025-10-03 18:56:20,104 - INFO - Precision                : 1.0000
2025-10-03 18:56:20,104 - INFO - Recall                   : 0.0056
2025-10-03 18:56:20,104 - INFO - F1 Score                 : 0.0111
2025-10-03 18:56:20,104 - INFO - ==================================================
2025-10-03 18:57:07,941 - INFO - Época 5 concluída. Loss média: 2.2754
2025-10-03 18:57:07,942 - INFO - Iniciando inferência com o modelo MobileNetV1...
2025-10-03 18:57:12,532 - INFO - ==================================================
2025-10-03 18:57:12,532 - INFO - EXPERIMENT RESULTS
2025-10-03 18:57:12,532 - INFO - ==================================================
2025-10-03 18:57:12,532 - INFO - Elapsed Time Seconds     : 4.5641
2025-10-03 18:57:12,532 - INFO - Cpu Usage Percent        : 2.0281
2025-10-03 18:57:12,532 - INFO - Ram Peak Usage Bytes     : 1804849152.0000
2025-10-03 18:57:12,532 - INFO - Vram Peak Usage Bytes    : 643433472.0000
2025-10-03 18:57:12,532 - INFO - Gpu Power Watts          : 117.3310
2025-10-03 18:57:12,532 - INFO - Gpu Temp Celsius         : 49.0000
2025-10-03 18:57:12,532 - INFO - Gpu Utilization Percent  : 19.0000
2025-10-03 18:57:12,532 - INFO - Disk Read Bytes          : 0.0000
2025-10-03 18:57:12,532 - INFO - Disk Write Bytes         : 94208.0000
2025-10-03 18:57:12,532 - INFO - Accuracy                 : 0.0067
2025-10-03 18:57:12,532 - INFO - Precision                : 1.0000
2025-10-03 18:57:12,532 - INFO - Recall                   : 0.0067
2025-10-03 18:57:12,532 - INFO - F1 Score                 : 0.0133
2025-10-03 18:57:12,532 - INFO - ==================================================
2025-10-03 18:58:00,436 - INFO - Época 6 concluída. Loss média: 2.0025
2025-10-03 18:58:00,438 - INFO - Iniciando inferência com o modelo MobileNetV1...
2025-10-03 18:58:03,536 - INFO - ==================================================
2025-10-03 18:58:03,536 - INFO - EXPERIMENT RESULTS
2025-10-03 18:58:03,536 - INFO - ==================================================
2025-10-03 18:58:03,536 - INFO - Elapsed Time Seconds     : 3.0727
2025-10-03 18:58:03,537 - INFO - Cpu Usage Percent        : 3.0625
2025-10-03 18:58:03,537 - INFO - Ram Peak Usage Bytes     : 1811136512.0000
2025-10-03 18:58:03,537 - INFO - Vram Peak Usage Bytes    : 643433472.0000
2025-10-03 18:58:03,537 - INFO - Gpu Power Watts          : 173.4450
2025-10-03 18:58:03,537 - INFO - Gpu Temp Celsius         : 53.0000
2025-10-03 18:58:03,537 - INFO - Gpu Utilization Percent  : 40.0000
2025-10-03 18:58:03,537 - INFO - Disk Read Bytes          : 0.0000
2025-10-03 18:58:03,537 - INFO - Disk Write Bytes         : 0.0000
2025-10-03 18:58:03,537 - INFO - Accuracy                 : 0.0062
2025-10-03 18:58:03,537 - INFO - Precision                : 1.0000
2025-10-03 18:58:03,537 - INFO - Recall                   : 0.0062
2025-10-03 18:58:03,537 - INFO - F1 Score                 : 0.0123
2025-10-03 18:58:03,537 - INFO - ==================================================
2025-10-03 18:58:51,773 - INFO - Época 7 concluída. Loss média: 1.7510
2025-10-03 18:58:51,775 - INFO - Iniciando inferência com o modelo MobileNetV1...
2025-10-03 18:58:56,513 - INFO - ==================================================
2025-10-03 18:58:56,513 - INFO - EXPERIMENT RESULTS
2025-10-03 18:58:56,513 - INFO - ==================================================
2025-10-03 18:58:56,513 - INFO - Elapsed Time Seconds     : 4.7117
2025-10-03 18:58:56,513 - INFO - Cpu Usage Percent        : 1.9906
2025-10-03 18:58:56,513 - INFO - Ram Peak Usage Bytes     : 1815588864.0000
2025-10-03 18:58:56,513 - INFO - Vram Peak Usage Bytes    : 643433472.0000
2025-10-03 18:58:56,513 - INFO - Gpu Power Watts          : 118.9510
2025-10-03 18:58:56,513 - INFO - Gpu Temp Celsius         : 50.0000
2025-10-03 18:58:56,513 - INFO - Gpu Utilization Percent  : 25.0000
2025-10-03 18:58:56,513 - INFO - Disk Read Bytes          : 0.0000
2025-10-03 18:58:56,514 - INFO - Disk Write Bytes         : 12288.0000
2025-10-03 18:58:56,514 - INFO - Accuracy                 : 0.0055
2025-10-03 18:58:56,514 - INFO - Precision                : 1.0000
2025-10-03 18:58:56,514 - INFO - Recall                   : 0.0055
2025-10-03 18:58:56,514 - INFO - F1 Score                 : 0.0109
2025-10-03 18:58:56,514 - INFO - ==================================================
2025-10-03 18:59:44,699 - INFO - Época 8 concluída. Loss média: 1.5192
2025-10-03 18:59:44,702 - INFO - Iniciando inferência com o modelo MobileNetV1...
2025-10-03 18:59:47,846 - INFO - ==================================================
2025-10-03 18:59:47,846 - INFO - EXPERIMENT RESULTS
2025-10-03 18:59:47,846 - INFO - ==================================================
2025-10-03 18:59:47,846 - INFO - Elapsed Time Seconds     : 3.1053
2025-10-03 18:59:47,846 - INFO - Cpu Usage Percent        : 3.0781
2025-10-03 18:59:47,846 - INFO - Ram Peak Usage Bytes     : 1831321600.0000
2025-10-03 18:59:47,846 - INFO - Vram Peak Usage Bytes    : 643433472.0000
2025-10-03 18:59:47,846 - INFO - Gpu Power Watts          : 175.1800
2025-10-03 18:59:47,846 - INFO - Gpu Temp Celsius         : 52.0000
2025-10-03 18:59:47,846 - INFO - Gpu Utilization Percent  : 51.0000
2025-10-03 18:59:47,846 - INFO - Disk Read Bytes          : 0.0000
2025-10-03 18:59:47,846 - INFO - Disk Write Bytes         : 159744.0000
2025-10-03 18:59:47,846 - INFO - Accuracy                 : 0.0072
2025-10-03 18:59:47,846 - INFO - Precision                : 1.0000
2025-10-03 18:59:47,847 - INFO - Recall                   : 0.0072
2025-10-03 18:59:47,847 - INFO - F1 Score                 : 0.0143
2025-10-03 18:59:47,847 - INFO - ==================================================
2025-10-03 19:00:36,040 - INFO - Época 9 concluída. Loss média: 1.3072
2025-10-03 19:00:36,043 - INFO - Iniciando inferência com o modelo MobileNetV1...
2025-10-03 19:00:41,056 - INFO - ==================================================
2025-10-03 19:00:41,056 - INFO - EXPERIMENT RESULTS
2025-10-03 19:00:41,056 - INFO - ==================================================
2025-10-03 19:00:41,056 - INFO - Elapsed Time Seconds     : 4.9752
2025-10-03 19:00:41,056 - INFO - Cpu Usage Percent        : 2.5750
2025-10-03 19:00:41,056 - INFO - Ram Peak Usage Bytes     : 1836613632.0000
2025-10-03 19:00:41,056 - INFO - Vram Peak Usage Bytes    : 643433472.0000
2025-10-03 19:00:41,056 - INFO - Gpu Power Watts          : 116.7970
2025-10-03 19:00:41,056 - INFO - Gpu Temp Celsius         : 50.0000
2025-10-03 19:00:41,056 - INFO - Gpu Utilization Percent  : 29.0000
2025-10-03 19:00:41,057 - INFO - Disk Read Bytes          : 0.0000
2025-10-03 19:00:41,057 - INFO - Disk Write Bytes         : 61440.0000
2025-10-03 19:00:41,057 - INFO - Accuracy                 : 0.0044
2025-10-03 19:00:41,057 - INFO - Precision                : 1.0000
2025-10-03 19:00:41,057 - INFO - Recall                   : 0.0044
2025-10-03 19:00:41,057 - INFO - F1 Score                 : 0.0088
2025-10-03 19:00:41,057 - INFO - ==================================================
2025-10-03 19:01:29,770 - INFO - Época 10 concluída. Loss média: 1.0951
2025-10-03 19:01:29,773 - INFO - Iniciando inferência com o modelo MobileNetV1...
2025-10-03 19:01:34,442 - INFO - ==================================================
2025-10-03 19:01:34,443 - INFO - EXPERIMENT RESULTS
2025-10-03 19:01:34,443 - INFO - ==================================================
2025-10-03 19:01:34,443 - INFO - Elapsed Time Seconds     : 4.6317
2025-10-03 19:01:34,443 - INFO - Cpu Usage Percent        : 2.0250
2025-10-03 19:01:34,443 - INFO - Ram Peak Usage Bytes     : 1836589056.0000
2025-10-03 19:01:34,443 - INFO - Vram Peak Usage Bytes    : 643433472.0000
2025-10-03 19:01:34,443 - INFO - Gpu Power Watts          : 121.0080
2025-10-03 19:01:34,443 - INFO - Gpu Temp Celsius         : 49.0000
2025-10-03 19:01:34,443 - INFO - Gpu Utilization Percent  : 29.0000
2025-10-03 19:01:34,443 - INFO - Disk Read Bytes          : 0.0000
2025-10-03 19:01:34,443 - INFO - Disk Write Bytes         : 0.0000
2025-10-03 19:01:34,443 - INFO - Accuracy                 : 0.0079
2025-10-03 19:01:34,443 - INFO - Precision                : 1.0000
2025-10-03 19:01:34,443 - INFO - Recall                   : 0.0079
2025-10-03 19:01:34,443 - INFO - F1 Score                 : 0.0157
2025-10-03 19:01:34,443 - INFO - ==================================================
2025-10-03 19:01:34,445 - INFO - Métricas de performance do treinamento:
2025-10-03 19:01:34,445 - INFO - ==================================================
2025-10-03 19:01:34,445 - INFO - EXPERIMENT RESULTS
2025-10-03 19:01:34,445 - INFO - ==================================================
2025-10-03 19:01:34,445 - INFO - Elapsed Time Seconds     : 525.8466
2025-10-03 19:01:34,445 - INFO - Cpu Usage Percent        : 3.9406
2025-10-03 19:01:34,445 - INFO - Ram Peak Usage Bytes     : 1836593152.0000
2025-10-03 19:01:34,445 - INFO - Vram Peak Usage Bytes    : 643433472.0000
2025-10-03 19:01:34,445 - INFO - Gpu Power Watts          : 121.0080
2025-10-03 19:01:34,445 - INFO - Gpu Temp Celsius         : 49.0000
2025-10-03 19:01:34,445 - INFO - Gpu Utilization Percent  : 29.0000
2025-10-03 19:01:34,445 - INFO - Disk Read Bytes          : 36864.0000
2025-10-03 19:01:34,445 - INFO - Disk Write Bytes         : 387629056.0000
2025-10-03 19:01:34,445 - INFO - ==================================================
2025-10-03 19:01:34,633 - INFO - Modelo salvo em: trained_models/mobilenet_V1_final.pth
2025-10-03 19:01:34,646 - INFO - Pipeline de treinamento concluído. Modelo salvo em: trained_models/mobilenet_V1_final.pth
2025-10-03 19:01:34,646 - INFO - Iniciando pipeline de inferência para avaliação final no conjunto de validação...
2025-10-03 19:01:34,760 - INFO - Iniciando inferência com o modelo MobileNetV1...
2025-10-03 19:01:38,113 - INFO - ==================================================
2025-10-03 19:01:38,114 - INFO - EXPERIMENT RESULTS
2025-10-03 19:01:38,114 - INFO - ==================================================
2025-10-03 19:01:38,114 - INFO - Elapsed Time Seconds     : 3.3159
2025-10-03 19:01:38,114 - INFO - Cpu Usage Percent        : 3.9688
2025-10-03 19:01:38,114 - INFO - Ram Peak Usage Bytes     : 2373971968.0000
2025-10-03 19:01:38,114 - INFO - Vram Peak Usage Bytes    : 1135574528.0000
2025-10-03 19:01:38,114 - INFO - Gpu Power Watts          : 181.0120
2025-10-03 19:01:38,114 - INFO - Gpu Temp Celsius         : 51.0000
2025-10-03 19:01:38,114 - INFO - Gpu Utilization Percent  : 54.0000
2025-10-03 19:01:38,114 - INFO - Disk Read Bytes          : 0.0000
2025-10-03 19:01:38,114 - INFO - Disk Write Bytes         : 69632.0000
2025-10-03 19:01:38,114 - INFO - Accuracy                 : 0.0079
2025-10-03 19:01:38,114 - INFO - Precision                : 1.0000
2025-10-03 19:01:38,114 - INFO - Recall                   : 0.0079
2025-10-03 19:01:38,114 - INFO - F1 Score                 : 0.0157
2025-10-03 19:01:38,114 - INFO - ==================================================
2025-10-03 19:01:38,115 - INFO - Projeto executado com sucesso!
