2025-09-30 23:21:25,741 - INFO - ==================================================
2025-09-30 23:21:25,742 - INFO - EXPERIMENT CONFIGURATION
2025-09-30 23:21:25,742 - INFO - ==================================================
2025-09-30 23:21:25,742 - INFO - Model Name          : mobilenet_v1
2025-09-30 23:21:25,742 - INFO - Config File         : configs/local_test_config.yaml
2025-09-30 23:21:25,743 - INFO - Train Data          : C:\Users\Eduardo\OneDrive\AreaDeTrabalho\UFRGS\AvalDesempenho\CNNs-Performance-Analysis\data\tiny-imagenet-200\train
2025-09-30 23:21:25,743 - INFO - Validation Data     : C:\Users\Eduardo\OneDrive\AreaDeTrabalho\UFRGS\AvalDesempenho\CNNs-Performance-Analysis\data\tiny-imagenet-200\val
2025-09-30 23:21:25,743 - INFO - model_params        : {'num_classes': 200}
2025-09-30 23:21:25,743 - INFO - train_params        : {'epochs': 2, 'batch_size': 8, 'learning_rate': 0.001}
2025-09-30 23:21:25,743 - INFO - inference_params    : {'batch_size': 16}
2025-09-30 23:21:25,744 - INFO - ==================================================
2025-09-30 23:21:26,427 - INFO - Iniciando treinamento do modelo mobilenet_v1 no dispositivo cuda.
2025-09-30 23:25:18,463 - INFO - Época 1 concluída. Loss média: 4.6776
2025-09-30 23:25:18,465 - INFO - Iniciando inferência com o modelo MobileNetV1...
2025-09-30 23:25:42,067 - INFO - ==================================================
2025-09-30 23:25:42,067 - INFO - EXPERIMENT RESULTS
2025-09-30 23:25:42,067 - INFO - ==================================================
2025-09-30 23:25:42,068 - INFO - Elapsed Time Seconds     : 23.5650
2025-09-30 23:25:42,068 - INFO - Cpu Usage Percent        : 3.0250
2025-09-30 23:25:42,068 - INFO - Ram Peak Usage Bytes     : 998748160.0000
2025-09-30 23:25:42,068 - INFO - Vram Peak Usage Bytes    : 233507840.0000
2025-09-30 23:25:42,068 - INFO - Gpu Power Watts          : 84.4390
2025-09-30 23:25:42,069 - INFO - Gpu Temp Celsius         : 48.0000
2025-09-30 23:25:42,069 - INFO - Gpu Utilization Percent  : 0.0000
2025-09-30 23:25:42,069 - INFO - Disk Read Bytes          : 18822144.0000
2025-09-30 23:25:42,069 - INFO - Disk Write Bytes         : 18945024.0000
2025-09-30 23:25:42,069 - INFO - Accuracy                 : 0.0053
2025-09-30 23:25:42,069 - INFO - Precision                : 1.0000
2025-09-30 23:25:42,070 - INFO - Recall                   : 0.0053
2025-09-30 23:25:42,070 - INFO - F1 Score                 : 0.0105
2025-09-30 23:25:42,070 - INFO - ==================================================
2025-09-30 23:29:34,604 - INFO - Época 2 concluída. Loss média: 3.8735
2025-09-30 23:29:34,606 - INFO - Iniciando inferência com o modelo MobileNetV1...
2025-09-30 23:29:58,060 - INFO - ==================================================
2025-09-30 23:29:58,060 - INFO - EXPERIMENT RESULTS
2025-09-30 23:29:58,061 - INFO - ==================================================
2025-09-30 23:29:58,061 - INFO - Elapsed Time Seconds     : 23.4226
2025-09-30 23:29:58,061 - INFO - Cpu Usage Percent        : 3.1417
2025-09-30 23:29:58,061 - INFO - Ram Peak Usage Bytes     : 1001574400.0000
2025-09-30 23:29:58,062 - INFO - Vram Peak Usage Bytes    : 233507840.0000
2025-09-30 23:29:58,062 - INFO - Gpu Power Watts          : 84.6940
2025-09-30 23:29:58,062 - INFO - Gpu Temp Celsius         : 49.0000
2025-09-30 23:29:58,062 - INFO - Gpu Utilization Percent  : 0.0000
2025-09-30 23:29:58,062 - INFO - Disk Read Bytes          : 0.0000
2025-09-30 23:29:58,063 - INFO - Disk Write Bytes         : 2416640.0000
2025-09-30 23:29:58,063 - INFO - Accuracy                 : 0.0055
2025-09-30 23:29:58,063 - INFO - Precision                : 1.0000
2025-09-30 23:29:58,063 - INFO - Recall                   : 0.0055
2025-09-30 23:29:58,063 - INFO - F1 Score                 : 0.0109
2025-09-30 23:29:58,064 - INFO - ==================================================
2025-09-30 23:29:58,065 - INFO - Métricas de performance do treinamento:
2025-09-30 23:29:58,065 - INFO - ==================================================
2025-09-30 23:29:58,065 - INFO - EXPERIMENT RESULTS
2025-09-30 23:29:58,066 - INFO - ==================================================
2025-09-30 23:29:58,066 - INFO - Elapsed Time Seconds     : 511.6102
2025-09-30 23:29:58,066 - INFO - Cpu Usage Percent        : 7.8417
2025-09-30 23:29:58,066 - INFO - Ram Peak Usage Bytes     : 1001578496.0000
2025-09-30 23:29:58,067 - INFO - Vram Peak Usage Bytes    : 233507840.0000
2025-09-30 23:29:58,067 - INFO - Gpu Power Watts          : 84.6940
2025-09-30 23:29:58,067 - INFO - Gpu Temp Celsius         : 49.0000
2025-09-30 23:29:58,067 - INFO - Gpu Utilization Percent  : 0.0000
2025-09-30 23:29:58,068 - INFO - Disk Read Bytes          : 26304512.0000
2025-09-30 23:29:58,068 - INFO - Disk Write Bytes         : 794404864.0000
2025-09-30 23:29:58,068 - INFO - ==================================================
2025-09-30 23:29:58,098 - INFO - Modelo salvo em: trained_models\mobilenet_v1_final.pth
2025-09-30 23:29:58,108 - INFO - Pipeline de treinamento concluído. Modelo salvo em: trained_models\mobilenet_v1_final.pth
2025-09-30 23:29:58,109 - INFO - Iniciando pipeline de inferência para avaliação final no conjunto de validação...
2025-09-30 23:29:58,213 - INFO - Iniciando inferência com o modelo MobileNetV1...
2025-09-30 23:30:21,413 - INFO - ==================================================
2025-09-30 23:30:21,413 - INFO - EXPERIMENT RESULTS
2025-09-30 23:30:21,413 - INFO - ==================================================
2025-09-30 23:30:21,414 - INFO - Elapsed Time Seconds     : 23.1663
2025-09-30 23:30:21,414 - INFO - Cpu Usage Percent        : 2.8583
2025-09-30 23:30:21,414 - INFO - Ram Peak Usage Bytes     : 1145192448.0000
2025-09-30 23:30:21,414 - INFO - Vram Peak Usage Bytes    : 209984512.0000
2025-09-30 23:30:21,414 - INFO - Gpu Power Watts          : 81.3450
2025-09-30 23:30:21,414 - INFO - Gpu Temp Celsius         : 46.0000
2025-09-30 23:30:21,415 - INFO - Gpu Utilization Percent  : 0.0000
2025-09-30 23:30:21,415 - INFO - Disk Read Bytes          : 122880.0000
2025-09-30 23:30:21,415 - INFO - Disk Write Bytes         : 15536128.0000
2025-09-30 23:30:21,415 - INFO - Accuracy                 : 0.0055
2025-09-30 23:30:21,415 - INFO - Precision                : 1.0000
2025-09-30 23:30:21,416 - INFO - Recall                   : 0.0055
2025-09-30 23:30:21,416 - INFO - F1 Score                 : 0.0109
2025-09-30 23:30:21,416 - INFO - ==================================================
2025-09-30 23:30:21,416 - INFO - Projeto executado com sucesso!
