2025-10-03 12:57:17,366 - INFO - ==================================================
2025-10-03 12:57:17,366 - INFO - EXPERIMENT CONFIGURATION
2025-10-03 12:57:17,366 - INFO - ==================================================
2025-10-03 12:57:17,367 - INFO - Model Name          : mobilenet_V1
2025-10-03 12:57:17,367 - INFO - Config File         : configs/pcad_test_config.yaml
2025-10-03 12:57:17,367 - INFO - Train Data          : /scratch/ehdmenezes//tiny-imagenet-200/train
2025-10-03 12:57:17,367 - INFO - Validation Data     : /scratch/ehdmenezes//tiny-imagenet-200/val
2025-10-03 12:57:17,367 - INFO - model_params        : {'num_classes': 200}
2025-10-03 12:57:17,367 - INFO - train_params        : {'epochs': 1, 'batch_size': 8, 'learning_rate': 0.001}
2025-10-03 12:57:17,367 - INFO - inference_params    : {'batch_size': 16}
2025-10-03 12:57:17,367 - INFO - ==================================================
2025-10-03 12:57:17,379 - INFO - Semente aleatória para esta execução foi fixada em: 42
2025-10-03 12:57:17,770 - INFO - Iniciando treinamento do modelo mobilenet_V1 no dispositivo cpu.
2025-10-03 14:05:29,713 - INFO - Época 1 concluída. Loss média: 4.6443
2025-10-03 14:05:29,717 - INFO - Iniciando inferência com o modelo MobileNetV1...
2025-10-03 14:07:05,488 - INFO - ==================================================
2025-10-03 14:07:05,489 - INFO - EXPERIMENT RESULTS
2025-10-03 14:07:05,489 - INFO - ==================================================
2025-10-03 14:07:05,489 - INFO - Elapsed Time Seconds     : 95.7159
2025-10-03 14:07:05,489 - INFO - Cpu Usage Percent        : 49.1500
2025-10-03 14:07:05,489 - INFO - Ram Peak Usage Bytes     : 1374937088.0000
2025-10-03 14:07:05,490 - INFO - Vram Peak Usage Bytes    : 0.0000
2025-10-03 14:07:05,490 - INFO - Gpu Power Watts          : 0.0000
2025-10-03 14:07:05,490 - INFO - Gpu Temp Celsius         : 0.0000
2025-10-03 14:07:05,490 - INFO - Gpu Utilization Percent  : 0.0000
2025-10-03 14:07:05,490 - INFO - Disk Read Bytes          : 0.0000
2025-10-03 14:07:05,490 - INFO - Disk Write Bytes         : 6250496.0000
2025-10-03 14:07:05,490 - INFO - Accuracy                 : 0.0017
2025-10-03 14:07:05,490 - INFO - Precision                : 1.0000
2025-10-03 14:07:05,490 - INFO - Recall                   : 0.0017
2025-10-03 14:07:05,490 - INFO - F1 Score                 : 0.0034
2025-10-03 14:07:05,490 - INFO - ==================================================
2025-10-03 14:07:05,492 - INFO - Métricas de performance do treinamento:
2025-10-03 14:07:05,492 - INFO - ==================================================
2025-10-03 14:07:05,492 - INFO - EXPERIMENT RESULTS
2025-10-03 14:07:05,492 - INFO - ==================================================
2025-10-03 14:07:05,493 - INFO - Elapsed Time Seconds     : 4187.7208
2025-10-03 14:07:05,493 - INFO - Cpu Usage Percent        : 47.3687
2025-10-03 14:07:05,493 - INFO - Ram Peak Usage Bytes     : 1374351360.0000
2025-10-03 14:07:05,493 - INFO - Vram Peak Usage Bytes    : 0.0000
2025-10-03 14:07:05,493 - INFO - Gpu Power Watts          : 0.0000
2025-10-03 14:07:05,493 - INFO - Gpu Temp Celsius         : 0.0000
2025-10-03 14:07:05,493 - INFO - Gpu Utilization Percent  : 0.0000
2025-10-03 14:07:05,493 - INFO - Disk Read Bytes          : 0.0000
2025-10-03 14:07:05,493 - INFO - Disk Write Bytes         : 479682560.0000
2025-10-03 14:07:05,493 - INFO - ==================================================
2025-10-03 14:07:05,694 - INFO - Modelo salvo em: trained_models/mobilenet_V1_final.pth
2025-10-03 14:07:05,719 - INFO - Pipeline de treinamento concluído. Modelo salvo em: trained_models/mobilenet_V1_final.pth
2025-10-03 14:07:05,719 - INFO - Iniciando pipeline de inferência para avaliação final no conjunto de validação...
2025-10-03 14:07:05,860 - INFO - Iniciando inferência com o modelo MobileNetV1...
2025-10-03 14:09:00,092 - INFO - ==================================================
2025-10-03 14:09:00,093 - INFO - EXPERIMENT RESULTS
2025-10-03 14:09:00,093 - INFO - ==================================================
2025-10-03 14:09:00,093 - INFO - Elapsed Time Seconds     : 114.1794
2025-10-03 14:09:00,093 - INFO - Cpu Usage Percent        : 48.0344
2025-10-03 14:09:00,093 - INFO - Ram Peak Usage Bytes     : 1345826816.0000
2025-10-03 14:09:00,093 - INFO - Vram Peak Usage Bytes    : 0.0000
2025-10-03 14:09:00,093 - INFO - Gpu Power Watts          : 0.0000
2025-10-03 14:09:00,093 - INFO - Gpu Temp Celsius         : 0.0000
2025-10-03 14:09:00,094 - INFO - Gpu Utilization Percent  : 0.0000
2025-10-03 14:09:00,094 - INFO - Disk Read Bytes          : 0.0000
2025-10-03 14:09:00,094 - INFO - Disk Write Bytes         : 638976.0000
2025-10-03 14:09:00,094 - INFO - Accuracy                 : 0.0017
2025-10-03 14:09:00,094 - INFO - Precision                : 1.0000
2025-10-03 14:09:00,094 - INFO - Recall                   : 0.0017
2025-10-03 14:09:00,094 - INFO - F1 Score                 : 0.0034
2025-10-03 14:09:00,094 - INFO - ==================================================
2025-10-03 14:09:00,096 - INFO - Projeto executado com sucesso!
